<?xml version="1.0" encoding="UTF-8"?>
<!-- Generated by org.testng.reporters.JUnitReportReporter -->
<testsuite hostname="LAPTOP-CPTC2M6Q" failures="0" tests="1" name="test.com.testR4" time="5.680" errors="0" timestamp="2022-11-15T06:52:06 IST" skipped="0">
  <testcase classname="test.com.testR4" name="loginTest" time="5.680"/>
  <system-out/>
</testsuite> <!-- test.com.testR4 -->
