<?xml version="1.0" encoding="UTF-8"?>
<!-- Generated by org.testng.reporters.JUnitReportReporter -->
<testsuite hostname="LAPTOP-CPTC2M6Q" failures="0" tests="4" name="test.com.testR8" time="0.059" errors="0" timestamp="2022-11-17T06:50:21 IST" skipped="0">
  <testcase classname="test.com.testR8" name="Login" time="0.003"/>
  <system-out/>
  <testcase classname="test.com.testR8" name="Login" time="0.017"/>
  <system-out/>
  <testcase classname="test.com.testR8" name="Login" time="0.033"/>
  <system-out/>
  <testcase classname="test.com.testR8" name="Login" time="0.006"/>
  <system-out/>
</testsuite> <!-- test.com.testR8 -->
