<?xml version="1.0" encoding="UTF-8"?>
<!-- Generated by org.testng.reporters.JUnitReportReporter -->
<testsuite hostname="LAPTOP-CPTC2M6Q" failures="0" tests="4" name="test.com.testR9" time="31.233" errors="0" timestamp="2022-11-17T06:57:58 IST" skipped="0">
  <testcase classname="test.com.testR9" name="Login" time="10.297"/>
  <system-out/>
  <testcase classname="test.com.testR9" name="Login" time="10.503"/>
  <system-out/>
  <testcase classname="test.com.testR9" name="Login" time="5.415"/>
  <system-out/>
  <testcase classname="test.com.testR9" name="Login" time="5.018"/>
  <system-out/>
</testsuite> <!-- test.com.testR9 -->
