<?xml version="1.0" encoding="UTF-8"?>
<!-- Generated by org.testng.reporters.JUnitReportReporter -->
<testsuite hostname="LAPTOP-CPTC2M6Q" failures="0" tests="3" name="test.com.testR7" time="0.048" errors="0" timestamp="2022-11-17T06:27:45 IST" skipped="0">
  <testcase classname="test.com.testR7" name="TestOne" time="0.032"/>
  <system-out/>
  <testcase classname="test.com.testR7" name="TestThree" time="0.009"/>
  <system-out/>
  <testcase classname="test.com.testR7" name="TestTwo" time="0.007"/>
  <system-out/>
</testsuite> <!-- test.com.testR7 -->
