<?xml version="1.0" encoding="UTF-8"?>
<!-- Generated by org.testng.reporters.JUnitReportReporter -->
<testsuite hostname="LAPTOP-CPTC2M6Q" failures="0" tests="3" name="test.com.testR2" time="0.015" errors="0" timestamp="2022-11-15T06:52:06 IST" skipped="0">
  <testcase classname="test.com.testR2" name="loginTest" time="0.004"/>
  <system-out/>
  <testcase classname="test.com.testR2" name="addTOCart" time="0.006"/>
  <system-out/>
  <testcase classname="test.com.testR2" name="logOut" time="0.005"/>
  <system-out/>
</testsuite> <!-- test.com.testR2 -->
