<?xml version="1.0" encoding="UTF-8"?>
<!-- Generated by org.testng.reporters.JUnitReportReporter -->
<testsuite hostname="LAPTOP-CPTC2M6Q" failures="0" tests="5" name="test.com.testR5" time="0.019" errors="0" timestamp="2022-11-15T06:52:06 IST" skipped="0">
  <testcase classname="test.com.testR5" name="loginTest" time="0.006"/>
  <system-out/>
  <testcase classname="test.com.testR5" name="logOut" time="0.005"/>
  <system-out/>
  <testcase classname="test.com.testR5" name="addTOCart1" time="0.003"/>
  <system-out/>
  <testcase classname="test.com.testR5" name="addTOCart2" time="0.002"/>
  <system-out/>
  <testcase classname="test.com.testR5" name="addTOCart3" time="0.003"/>
  <system-out/>
</testsuite> <!-- test.com.testR5 -->
