<?xml version="1.0" encoding="UTF-8"?>
<!-- Generated by org.testng.reporters.JUnitReportReporter -->
<testsuite hostname="LAPTOP-CPTC2M6Q" failures="0" tests="3" name="test.com.testR6" time="0.006" errors="0" timestamp="2022-11-16T07:05:21 IST" skipped="3">
  <testcase classname="test.com.testR6" name="skipTest2" time="0.003">
    <skipped/>
  </testcase> <!-- skipTest2 -->
  <system-out/>
  <testcase classname="test.com.testR6" name="skipTest3" time="0.003">
    <skipped/>
  </testcase> <!-- skipTest3 -->
  <system-out/>
  <testcase classname="test.com.testR6" name="skipTest1">
    <skipped/>
  </testcase> <!-- skipTest1 -->
  <system-out/>
</testsuite> <!-- test.com.testR6 -->
