<?xml version="1.0" encoding="UTF-8"?>
<!-- Generated by org.testng.reporters.JUnitReportReporter -->
<testsuite hostname="LAPTOP-CPTC2M6Q" failures="0" tests="2" name="test.com.testR3" time="15.284" errors="0" timestamp="2022-11-15T06:52:06 IST" skipped="0">
  <testcase classname="test.com.testR3" name="loginTest" time="5.594"/>
  <system-out/>
  <testcase classname="test.com.testR3" name="validatePageHeader" time="9.690"/>
  <system-out/>
</testsuite> <!-- test.com.testR3 -->
