<?xml version="1.0" encoding="UTF-8"?>
<!-- Generated by org.testng.reporters.JUnitReportReporter -->
<testsuite hostname="LAPTOP-CPTC2M6Q" failures="0" tests="3" name="test.com.testR6" time="0.008" errors="0" timestamp="2022-11-17T06:27:45 IST" skipped="1">
  <testcase classname="test.com.testR6" name="skipTest2" time="0.006"/>
  <system-out/>
  <testcase classname="test.com.testR6" name="skipTest3" time="0.002"/>
  <system-out/>
  <testcase classname="test.com.testR6" name="skipTest1">
    <skipped/>
  </testcase> <!-- skipTest1 -->
  <system-out/>
</testsuite> <!-- test.com.testR6 -->
