<?xml version="1.0" encoding="UTF-8"?>
<!-- Generated by org.testng.reporters.JUnitReportReporter -->
<testsuite hostname="LAPTOP-CPTC2M6Q" failures="0" tests="1" name="test.com.testR11" time="9.439" errors="0" timestamp="2022-11-23T07:00:50 IST" skipped="0">
  <testcase classname="test.com.testR11" name="Login" time="9.439"/>
  <system-out/>
</testsuite> <!-- test.com.testR11 -->
