<?xml version="1.0" encoding="UTF-8"?>
<!-- Generated by org.testng.reporters.JUnitReportReporter -->
<testsuite hostname="LAPTOP-CPTC2M6Q" failures="0" tests="3" name="test.com.testR" time="0.056" errors="0" timestamp="2022-11-12T06:16:16 IST" skipped="0">
  <testcase classname="test.com.testR" name="loginTest" time="0.049"/>
  <system-out/>
  <testcase classname="test.com.testR" name="logOut" time="0.004"/>
  <system-out/>
  <testcase classname="test.com.testR" name="addTOCart" time="0.003"/>
  <system-out/>
</testsuite> <!-- test.com.testR -->
