<?xml version="1.0" encoding="UTF-8"?>
<!-- Generated by org.testng.reporters.JUnitReportReporter -->
<testsuite hostname="LAPTOP-CPTC2M6Q" failures="0" tests="1" name="test.com.testR11" time="12.086" errors="0" timestamp="2022-11-26T06:28:21 IST" skipped="0">
  <testcase classname="test.com.testR11" name="Login" time="12.086"/>
  <system-out/>
</testsuite> <!-- test.com.testR11 -->
