<?xml version="1.0" encoding="UTF-8"?>
<!-- Generated by org.testng.reporters.JUnitReportReporter -->
<testsuite hostname="LAPTOP-CPTC2M6Q" failures="0" tests="2" name="test.com.testR3" time="14.449" errors="0" timestamp="2022-11-12T06:50:50 IST" skipped="0">
  <testcase classname="test.com.testR3" name="loginTest" time="8.495"/>
  <system-out/>
  <testcase classname="test.com.testR3" name="validatePageHeader" time="5.954"/>
  <system-out/>
</testsuite> <!-- test.com.testR3 -->
