<?xml version="1.0" encoding="UTF-8"?>
<!-- Generated by org.testng.reporters.JUnitReportReporter -->
<testsuite hostname="LAPTOP-CPTC2M6Q" failures="0" tests="2" name="test.com.testR3" time="11.671" errors="0" timestamp="2022-11-16T07:05:21 IST" skipped="0">
  <testcase classname="test.com.testR3" name="loginTest" time="6.334"/>
  <system-out/>
  <testcase classname="test.com.testR3" name="validatePageHeader" time="5.337"/>
  <system-out/>
</testsuite> <!-- test.com.testR3 -->
