<?xml version="1.0" encoding="UTF-8"?>
<!-- Generated by org.testng.reporters.JUnitReportReporter -->
<testsuite hostname="LAPTOP-CPTC2M6Q" failures="0" tests="3" name="test.com.testR2" time="0.009" errors="0" timestamp="2022-11-16T07:05:21 IST" skipped="0">
  <testcase classname="test.com.testR2" name="loginTest" time="0.003"/>
  <system-out/>
  <testcase classname="test.com.testR2" name="addTOCart" time="0.003"/>
  <system-out/>
  <testcase classname="test.com.testR2" name="logOut" time="0.003"/>
  <system-out/>
</testsuite> <!-- test.com.testR2 -->
