<?xml version="1.0" encoding="UTF-8"?>
<!-- Generated by org.testng.reporters.JUnitReportReporter -->
<testsuite hostname="LAPTOP-CPTC2M6Q" failures="0" tests="3" name="test.com.testR" time="0.021" errors="0" timestamp="2022-11-16T07:05:21 IST" skipped="0">
  <testcase classname="test.com.testR" name="loginTest" time="0.005"/>
  <system-out/>
  <testcase classname="test.com.testR" name="logOut" time="0.014"/>
  <system-out/>
  <testcase classname="test.com.testR" name="addTOCart" time="0.002"/>
  <system-out/>
</testsuite> <!-- test.com.testR -->
