<?xml version="1.0" encoding="UTF-8"?>
<!-- Generated by org.testng.reporters.JUnitReportReporter -->
<testsuite hostname="LAPTOP-CPTC2M6Q" failures="0" tests="1" name="testcases.API_TEST" time="4.855" errors="0" timestamp="2023-01-05T06:25:03 IST" skipped="0">
  <testcase classname="testcases.API_TEST" name="goRestCreateUser" time="4.855"/>
  <system-out/>
</testsuite> <!-- testcases.API_TEST -->
